# Logfile created on 2020-05-27 12:52:11 -0700 by logger.rb/66358
I, [2020-05-27T12:52:11.717543 #61897]  INFO -- : {"success":true,"errors":{},"request_id":"fake-message-request-id","adapter":"test","channel":"voice","context":"authentication"}
I, [2020-05-27T12:52:11.718753 #61897]  INFO -- : {"success":true,"errors":{},"request_id":"fake-message-request-id","adapter":"test","channel":"voice","context":"confirmation"}
I, [2020-05-27T12:52:11.719834 #61897]  INFO -- : {"success":true,"errors":{},"request_id":"fake-message-request-id","adapter":"test","channel":"sms","context":"authentication"}
I, [2020-05-27T12:52:11.720760 #61897]  INFO -- : {"success":true,"errors":{},"request_id":"fake-message-request-id","adapter":"test","channel":"sms","context":"confirmation"}
I, [2020-05-27T12:52:11.770166 #61897]  INFO -- : {"adapter":"twilio","channel":"voice","context":"confirmation"}
I, [2020-05-27T12:52:11.771356 #61897]  INFO -- : {"adapter":"twilio","channel":"voice","context":"confirmation"}
I, [2020-05-27T12:52:11.772580 #61897]  INFO -- : {"adapter":"twilio","channel":"sms","context":"confirmation"}
I, [2020-05-27T12:52:11.773667 #61897]  INFO -- : {"adapter":"twilio","channel":"sms","context":"authentication"}
W, [2020-05-27T12:52:11.792109 #61897]  WARN -- : {"success":false,"errors":{"telephony":"Aws::PinpointSMSVoice::Errors::LimitExceededException - This is a test message"},"message_id":null,"duration":5.2928924560546875e-05,"failover":true,"region":"fake-pinpoint-region-voice"}
W, [2020-05-27T12:52:11.794963 #61897]  WARN -- : {"success":false,"errors":{"telephony":"Aws::PinpointSMSVoice::Errors::BadRequestException - This is a test message"},"message_id":null,"duration":5.507469177246094e-05,"failover":true,"region":"fake-pinpoint-region-voice"}
W, [2020-05-27T12:52:11.807376 #61897]  WARN -- : {"success":false,"errors":{"telephony":"Aws::PinpointSMSVoice::Errors::InternalServiceErrorException - This is a test message"},"message_id":null,"duration":5.0067901611328125e-05,"failover":true,"region":"fake-pinpoint-region-voice"}
W, [2020-05-27T12:52:12.094370 #61897]  WARN -- : {"success":false,"errors":{"telephony":"Telephony::ThrottledError - Pinpoint Error: THROTTLED - 400"},"request_id":"fake-message-request-id","delivery_status":"THROTTLED","message_id":"fake-message-id","status_code":400,"status_message":"MessageId: fake-message-id","duration":1.3113021850585938e-05,"failover":true,"region":"fake-pinpoint-region-sms"}
W, [2020-05-27T12:52:12.095360 #61897]  WARN -- : {"success":false,"errors":{"telephony":"Telephony::TelephonyError - Pinpoint Error:  - 400"},"request_id":"fake-message-request-id","delivery_status":"","message_id":"fake-message-id","status_code":400,"status_message":"MessageId: fake-message-id","duration":2.7179718017578125e-05,"failover":true,"region":"fake-pinpoint-region-sms"}
W, [2020-05-27T12:52:12.096285 #61897]  WARN -- : {"success":false,"errors":{"telephony":"Telephony::OptOutError - Pinpoint Error: OPT_OUT - 400"},"request_id":"fake-message-request-id","delivery_status":"OPT_OUT","message_id":"fake-message-id","status_code":400,"status_message":"MessageId: fake-message-id","duration":1.621246337890625e-05,"failover":true,"region":"fake-pinpoint-region-sms"}
W, [2020-05-27T12:52:12.097178 #61897]  WARN -- : {"success":false,"errors":{"telephony":"Telephony::PermanentFailureError - Pinpoint Error: PERMANENT_FAILURE - 400"},"request_id":"fake-message-request-id","delivery_status":"PERMANENT_FAILURE","message_id":"fake-message-id","status_code":400,"status_message":"MessageId: fake-message-id","duration":1.5974044799804688e-05,"failover":true,"region":"fake-pinpoint-region-sms"}
W, [2020-05-27T12:52:12.098028 #61897]  WARN -- : {"success":false,"errors":{"telephony":"Telephony::TemporaryFailureError - Pinpoint Error: TEMPORARY_FAILURE - 400"},"request_id":"fake-message-request-id","delivery_status":"TEMPORARY_FAILURE","message_id":"fake-message-id","status_code":400,"status_message":"MessageId: fake-message-id","duration":1.4781951904296875e-05,"failover":true,"region":"fake-pinpoint-region-sms"}
W, [2020-05-27T12:52:12.098765 #61897]  WARN -- : {"success":false,"errors":{"telephony":"Telephony::TimeoutError - Pinpoint Error: TIMEOUT - 400"},"request_id":"fake-message-request-id","delivery_status":"TIMEOUT","message_id":"fake-message-id","status_code":400,"status_message":"MessageId: fake-message-id","duration":1.4066696166992188e-05,"failover":true,"region":"fake-pinpoint-region-sms"}
W, [2020-05-27T12:52:12.099450 #61897]  WARN -- : {"success":false,"errors":{"telephony":"Telephony::UnknownFailureError - Pinpoint Error: UNKNOWN_FAILURE - 400"},"request_id":"fake-message-request-id","delivery_status":"UNKNOWN_FAILURE","message_id":"fake-message-id","status_code":400,"status_message":"MessageId: fake-message-id","duration":1.3113021850585938e-05,"failover":true,"region":"fake-pinpoint-region-sms"}
W, [2020-05-27T12:52:12.100122 #61897]  WARN -- : {"success":false,"errors":{"telephony":"Telephony::DuplicateEndpointError - Pinpoint Error: DUPLICATE - 400"},"request_id":"fake-message-request-id","delivery_status":"DUPLICATE","message_id":"fake-message-id","status_code":400,"status_message":"MessageId: fake-message-id","duration":1.4066696166992188e-05,"failover":true,"region":"fake-pinpoint-region-sms"}
I, [2020-05-27T12:52:12.101073 #61897]  INFO -- : {"success":true,"errors":{},"request_id":"fake-message-request-id","adapter":"test","channel":"sms","context":"account_reset_notice"}
I, [2020-05-27T12:52:12.101846 #61897]  INFO -- : {"success":true,"errors":{},"request_id":"fake-message-request-id","adapter":"test","channel":"sms","context":"personal_key_regeneration_notice"}
I, [2020-05-27T12:52:12.102562 #61897]  INFO -- : {"success":true,"errors":{},"request_id":"fake-message-request-id","adapter":"test","channel":"sms","context":"doc_auth_link"}
I, [2020-05-27T12:52:12.103755 #61897]  INFO -- : {"adapter":"twilio","channel":"sms","context":"join_keyword_response"}
I, [2020-05-27T12:52:12.104487 #61897]  INFO -- : {"success":true,"errors":{},"request_id":"fake-message-request-id","adapter":"test","channel":"sms","context":"personal_key_sign_in_notice"}
I, [2020-05-27T12:52:12.105173 #61897]  INFO -- : {"success":true,"errors":{},"request_id":"fake-message-request-id","adapter":"test","channel":"sms","context":"account_reset_cancellation_notice"}
I, [2020-05-27T12:52:12.106076 #61897]  INFO -- : {"adapter":"pinpoint","channel":"sms","context":"join_keyword_response"}
I, [2020-05-27T12:52:12.106911 #61897]  INFO -- : {"success":true,"errors":{},"request_id":"fake-message-request-id","adapter":"test","channel":"sms","context":"help_keyword_response"}
I, [2020-05-27T12:52:12.107964 #61897]  INFO -- : {"success":true,"errors":{},"request_id":"fake-message-request-id","adapter":"test","channel":"sms","context":"stop_keyword_response"}
I, [2020-05-27T12:52:12.108915 #61897]  INFO -- : {"success":true,"errors":{},"request_id":"fake-message-request-id","adapter":"test","channel":"sms","context":"join_keyword_response"}
I, [2020-05-27T12:52:12.110369 #61897]  INFO -- : {"adapter":"pinpoint","channel":"sms","context":"confirmation"}
I, [2020-05-27T12:52:12.111561 #61897]  INFO -- : {"adapter":"pinpoint","channel":"sms","context":"authentication"}
I, [2020-05-27T12:52:12.112880 #61897]  INFO -- : {"adapter":"pinpoint","channel":"voice","context":"confirmation"}
I, [2020-05-27T12:52:12.113906 #61897]  INFO -- : {"adapter":"pinpoint","channel":"voice","context":"confirmation"}
W, [2020-05-27T12:59:14.592375 #62272]  WARN -- : {"success":false,"errors":{"telephony":"Aws::PinpointSMSVoice::Errors::InternalServiceErrorException - This is a test message"},"message_id":null,"duration_ms":0,"failover":true,"region":"fake-pinpoint-region-voice"}
W, [2020-05-27T12:59:14.594486 #62272]  WARN -- : {"success":false,"errors":{"telephony":"Aws::PinpointSMSVoice::Errors::BadRequestException - This is a test message"},"message_id":null,"duration_ms":0,"failover":true,"region":"fake-pinpoint-region-voice"}
W, [2020-05-27T12:59:14.602734 #62272]  WARN -- : {"success":false,"errors":{"telephony":"Aws::PinpointSMSVoice::Errors::LimitExceededException - This is a test message"},"message_id":null,"duration_ms":0,"failover":true,"region":"fake-pinpoint-region-voice"}
I, [2020-05-27T12:59:14.616963 #62272]  INFO -- : {"success":true,"errors":{},"request_id":"fake-message-request-id","adapter":"test","channel":"sms","context":"personal_key_sign_in_notice"}
I, [2020-05-27T12:59:14.618142 #62272]  INFO -- : {"success":true,"errors":{},"request_id":"fake-message-request-id","adapter":"test","channel":"sms","context":"join_keyword_response"}
I, [2020-05-27T12:59:14.619143 #62272]  INFO -- : {"success":true,"errors":{},"request_id":"fake-message-request-id","adapter":"test","channel":"sms","context":"stop_keyword_response"}
I, [2020-05-27T12:59:14.619942 #62272]  INFO -- : {"success":true,"errors":{},"request_id":"fake-message-request-id","adapter":"test","channel":"sms","context":"account_reset_cancellation_notice"}
I, [2020-05-27T12:59:14.620930 #62272]  INFO -- : {"adapter":"pinpoint","channel":"sms","context":"join_keyword_response"}
I, [2020-05-27T12:59:14.621800 #62272]  INFO -- : {"success":true,"errors":{},"request_id":"fake-message-request-id","adapter":"test","channel":"sms","context":"personal_key_regeneration_notice"}
I, [2020-05-27T12:59:14.622599 #62272]  INFO -- : {"success":true,"errors":{},"request_id":"fake-message-request-id","adapter":"test","channel":"sms","context":"doc_auth_link"}
I, [2020-05-27T12:59:14.623627 #62272]  INFO -- : {"adapter":"twilio","channel":"sms","context":"join_keyword_response"}
I, [2020-05-27T12:59:14.624448 #62272]  INFO -- : {"success":true,"errors":{},"request_id":"fake-message-request-id","adapter":"test","channel":"sms","context":"account_reset_notice"}
I, [2020-05-27T12:59:14.625239 #62272]  INFO -- : {"success":true,"errors":{},"request_id":"fake-message-request-id","adapter":"test","channel":"sms","context":"help_keyword_response"}
I, [2020-05-27T12:59:14.631982 #62272]  INFO -- : {"adapter":"twilio","channel":"sms","context":"confirmation"}
I, [2020-05-27T12:59:14.632957 #62272]  INFO -- : {"adapter":"twilio","channel":"sms","context":"authentication"}
I, [2020-05-27T12:59:14.633993 #62272]  INFO -- : {"adapter":"twilio","channel":"voice","context":"confirmation"}
I, [2020-05-27T12:59:14.634931 #62272]  INFO -- : {"adapter":"twilio","channel":"voice","context":"confirmation"}
I, [2020-05-27T12:59:14.649281 #62272]  INFO -- : {"success":true,"errors":{},"request_id":"fake-message-request-id","adapter":"test","channel":"voice","context":"confirmation"}
I, [2020-05-27T12:59:14.650092 #62272]  INFO -- : {"success":true,"errors":{},"request_id":"fake-message-request-id","adapter":"test","channel":"voice","context":"authentication"}
I, [2020-05-27T12:59:14.650874 #62272]  INFO -- : {"success":true,"errors":{},"request_id":"fake-message-request-id","adapter":"test","channel":"sms","context":"authentication"}
I, [2020-05-27T12:59:14.651602 #62272]  INFO -- : {"success":true,"errors":{},"request_id":"fake-message-request-id","adapter":"test","channel":"sms","context":"confirmation"}
I, [2020-05-27T12:59:14.689484 #62272]  INFO -- : {"adapter":"pinpoint","channel":"sms","context":"confirmation"}
I, [2020-05-27T12:59:14.690427 #62272]  INFO -- : {"adapter":"pinpoint","channel":"sms","context":"authentication"}
I, [2020-05-27T12:59:14.691459 #62272]  INFO -- : {"adapter":"pinpoint","channel":"voice","context":"confirmation"}
I, [2020-05-27T12:59:14.692386 #62272]  INFO -- : {"adapter":"pinpoint","channel":"voice","context":"confirmation"}
W, [2020-05-27T12:59:14.695797 #62272]  WARN -- : {"success":false,"errors":{"telephony":"Telephony::PermanentFailureError - Pinpoint Error: PERMANENT_FAILURE - 400"},"request_id":"fake-message-request-id","delivery_status":"PERMANENT_FAILURE","message_id":"fake-message-id","status_code":400,"status_message":"MessageId: fake-message-id","duration_ms":0,"failover":true,"region":"fake-pinpoint-region-sms"}
W, [2020-05-27T12:59:14.696506 #62272]  WARN -- : {"success":false,"errors":{"telephony":"Telephony::TimeoutError - Pinpoint Error: TIMEOUT - 400"},"request_id":"fake-message-request-id","delivery_status":"TIMEOUT","message_id":"fake-message-id","status_code":400,"status_message":"MessageId: fake-message-id","duration_ms":0,"failover":true,"region":"fake-pinpoint-region-sms"}
W, [2020-05-27T12:59:14.697240 #62272]  WARN -- : {"success":false,"errors":{"telephony":"Telephony::DuplicateEndpointError - Pinpoint Error: DUPLICATE - 400"},"request_id":"fake-message-request-id","delivery_status":"DUPLICATE","message_id":"fake-message-id","status_code":400,"status_message":"MessageId: fake-message-id","duration_ms":0,"failover":true,"region":"fake-pinpoint-region-sms"}
W, [2020-05-27T12:59:14.698182 #62272]  WARN -- : {"success":false,"errors":{"telephony":"Telephony::OptOutError - Pinpoint Error: OPT_OUT - 400"},"request_id":"fake-message-request-id","delivery_status":"OPT_OUT","message_id":"fake-message-id","status_code":400,"status_message":"MessageId: fake-message-id","duration_ms":0,"failover":true,"region":"fake-pinpoint-region-sms"}
W, [2020-05-27T12:59:14.699092 #62272]  WARN -- : {"success":false,"errors":{"telephony":"Telephony::ThrottledError - Pinpoint Error: THROTTLED - 400"},"request_id":"fake-message-request-id","delivery_status":"THROTTLED","message_id":"fake-message-id","status_code":400,"status_message":"MessageId: fake-message-id","duration_ms":0,"failover":true,"region":"fake-pinpoint-region-sms"}
W, [2020-05-27T12:59:14.699848 #62272]  WARN -- : {"success":false,"errors":{"telephony":"Telephony::TelephonyError - Pinpoint Error:  - 400"},"request_id":"fake-message-request-id","delivery_status":"","message_id":"fake-message-id","status_code":400,"status_message":"MessageId: fake-message-id","duration_ms":0,"failover":true,"region":"fake-pinpoint-region-sms"}
W, [2020-05-27T12:59:14.700669 #62272]  WARN -- : {"success":false,"errors":{"telephony":"Telephony::TemporaryFailureError - Pinpoint Error: TEMPORARY_FAILURE - 400"},"request_id":"fake-message-request-id","delivery_status":"TEMPORARY_FAILURE","message_id":"fake-message-id","status_code":400,"status_message":"MessageId: fake-message-id","duration_ms":0,"failover":true,"region":"fake-pinpoint-region-sms"}
W, [2020-05-27T12:59:14.701452 #62272]  WARN -- : {"success":false,"errors":{"telephony":"Telephony::UnknownFailureError - Pinpoint Error: UNKNOWN_FAILURE - 400"},"request_id":"fake-message-request-id","delivery_status":"UNKNOWN_FAILURE","message_id":"fake-message-id","status_code":400,"status_message":"MessageId: fake-message-id","duration_ms":0,"failover":true,"region":"fake-pinpoint-region-sms"}
W, [2020-05-27T13:03:34.173680 #62885]  WARN -- : {"success":false,"errors":{"telephony":"Telephony::UnknownFailureError - Pinpoint Error: UNKNOWN_FAILURE - 400"},"request_id":"fake-message-request-id","delivery_status":"UNKNOWN_FAILURE","message_id":"fake-message-id","status_code":400,"status_message":"MessageId: fake-message-id","duration_ms":0,"failover":true,"region":"fake-pinpoint-region-sms"}
W, [2020-05-27T13:03:34.176519 #62885]  WARN -- : {"success":false,"errors":{"telephony":"Telephony::TemporaryFailureError - Pinpoint Error: TEMPORARY_FAILURE - 400"},"request_id":"fake-message-request-id","delivery_status":"TEMPORARY_FAILURE","message_id":"fake-message-id","status_code":400,"status_message":"MessageId: fake-message-id","duration_ms":0,"failover":true,"region":"fake-pinpoint-region-sms"}
W, [2020-05-27T13:03:34.177460 #62885]  WARN -- : {"success":false,"errors":{"telephony":"Telephony::PermanentFailureError - Pinpoint Error: PERMANENT_FAILURE - 400"},"request_id":"fake-message-request-id","delivery_status":"PERMANENT_FAILURE","message_id":"fake-message-id","status_code":400,"status_message":"MessageId: fake-message-id","duration_ms":0,"failover":true,"region":"fake-pinpoint-region-sms"}
W, [2020-05-27T13:03:34.178369 #62885]  WARN -- : {"success":false,"errors":{"telephony":"Telephony::DuplicateEndpointError - Pinpoint Error: DUPLICATE - 400"},"request_id":"fake-message-request-id","delivery_status":"DUPLICATE","message_id":"fake-message-id","status_code":400,"status_message":"MessageId: fake-message-id","duration_ms":0,"failover":true,"region":"fake-pinpoint-region-sms"}
W, [2020-05-27T13:03:34.179288 #62885]  WARN -- : {"success":false,"errors":{"telephony":"Telephony::TelephonyError - Pinpoint Error:  - 400"},"request_id":"fake-message-request-id","delivery_status":"","message_id":"fake-message-id","status_code":400,"status_message":"MessageId: fake-message-id","duration_ms":0,"failover":true,"region":"fake-pinpoint-region-sms"}
W, [2020-05-27T13:03:34.180372 #62885]  WARN -- : {"success":false,"errors":{"telephony":"Telephony::ThrottledError - Pinpoint Error: THROTTLED - 400"},"request_id":"fake-message-request-id","delivery_status":"THROTTLED","message_id":"fake-message-id","status_code":400,"status_message":"MessageId: fake-message-id","duration_ms":0,"failover":true,"region":"fake-pinpoint-region-sms"}
W, [2020-05-27T13:03:34.181364 #62885]  WARN -- : {"success":false,"errors":{"telephony":"Telephony::TimeoutError - Pinpoint Error: TIMEOUT - 400"},"request_id":"fake-message-request-id","delivery_status":"TIMEOUT","message_id":"fake-message-id","status_code":400,"status_message":"MessageId: fake-message-id","duration_ms":0,"failover":true,"region":"fake-pinpoint-region-sms"}
W, [2020-05-27T13:03:34.182177 #62885]  WARN -- : {"success":false,"errors":{"telephony":"Telephony::OptOutError - Pinpoint Error: OPT_OUT - 400"},"request_id":"fake-message-request-id","delivery_status":"OPT_OUT","message_id":"fake-message-id","status_code":400,"status_message":"MessageId: fake-message-id","duration_ms":0,"failover":true,"region":"fake-pinpoint-region-sms"}
I, [2020-05-27T13:03:34.188346 #62885]  INFO -- : {"success":true,"errors":{},"request_id":"fake-message-request-id","adapter":"test","channel":"sms","context":"confirmation"}
I, [2020-05-27T13:03:34.190666 #62885]  INFO -- : {"success":true,"errors":{},"request_id":"fake-message-request-id","adapter":"test","channel":"sms","context":"authentication"}
I, [2020-05-27T13:03:34.192744 #62885]  INFO -- : {"success":true,"errors":{},"request_id":"fake-message-request-id","adapter":"test","channel":"voice","context":"authentication"}
I, [2020-05-27T13:03:34.193702 #62885]  INFO -- : {"success":true,"errors":{},"request_id":"fake-message-request-id","adapter":"test","channel":"voice","context":"confirmation"}
W, [2020-05-27T13:03:34.224282 #62885]  WARN -- : {"success":false,"errors":{"telephony":"Aws::PinpointSMSVoice::Errors::LimitExceededException - This is a test message"},"message_id":null,"duration_ms":0,"failover":true,"region":"fake-pinpoint-region-voice"}
W, [2020-05-27T13:03:34.226808 #62885]  WARN -- : {"success":false,"errors":{"telephony":"Aws::PinpointSMSVoice::Errors::InternalServiceErrorException - This is a test message"},"message_id":null,"duration_ms":0,"failover":true,"region":"fake-pinpoint-region-voice"}
W, [2020-05-27T13:03:34.233940 #62885]  WARN -- : {"success":false,"errors":{"telephony":"Aws::PinpointSMSVoice::Errors::BadRequestException - This is a test message"},"message_id":null,"duration_ms":0,"failover":true,"region":"fake-pinpoint-region-voice"}
I, [2020-05-27T13:03:34.246787 #62885]  INFO -- : {"adapter":"twilio","channel":"sms","context":"confirmation"}
I, [2020-05-27T13:03:34.247974 #62885]  INFO -- : {"adapter":"twilio","channel":"sms","context":"authentication"}
I, [2020-05-27T13:03:34.249199 #62885]  INFO -- : {"adapter":"twilio","channel":"voice","context":"confirmation"}
I, [2020-05-27T13:03:34.250318 #62885]  INFO -- : {"adapter":"twilio","channel":"voice","context":"confirmation"}
I, [2020-05-27T13:03:34.265618 #62885]  INFO -- : {"adapter":"pinpoint","channel":"sms","context":"authentication"}
I, [2020-05-27T13:03:34.266550 #62885]  INFO -- : {"adapter":"pinpoint","channel":"sms","context":"confirmation"}
I, [2020-05-27T13:03:34.267552 #62885]  INFO -- : {"adapter":"pinpoint","channel":"voice","context":"confirmation"}
I, [2020-05-27T13:03:34.268475 #62885]  INFO -- : {"adapter":"pinpoint","channel":"voice","context":"confirmation"}
I, [2020-05-27T13:03:34.542406 #62885]  INFO -- : {"success":true,"errors":{},"request_id":"fake-message-request-id","adapter":"test","channel":"sms","context":"join_keyword_response"}
I, [2020-05-27T13:03:34.543370 #62885]  INFO -- : {"adapter":"pinpoint","channel":"sms","context":"join_keyword_response"}
I, [2020-05-27T13:03:34.544157 #62885]  INFO -- : {"success":true,"errors":{},"request_id":"fake-message-request-id","adapter":"test","channel":"sms","context":"account_reset_notice"}
I, [2020-05-27T13:03:34.545225 #62885]  INFO -- : {"adapter":"twilio","channel":"sms","context":"join_keyword_response"}
I, [2020-05-27T13:03:34.546020 #62885]  INFO -- : {"success":true,"errors":{},"request_id":"fake-message-request-id","adapter":"test","channel":"sms","context":"personal_key_sign_in_notice"}
I, [2020-05-27T13:03:34.546761 #62885]  INFO -- : {"success":true,"errors":{},"request_id":"fake-message-request-id","adapter":"test","channel":"sms","context":"doc_auth_link"}
I, [2020-05-27T13:03:34.547496 #62885]  INFO -- : {"success":true,"errors":{},"request_id":"fake-message-request-id","adapter":"test","channel":"sms","context":"help_keyword_response"}
I, [2020-05-27T13:03:34.548165 #62885]  INFO -- : {"success":true,"errors":{},"request_id":"fake-message-request-id","adapter":"test","channel":"sms","context":"personal_key_regeneration_notice"}
I, [2020-05-27T13:03:34.548821 #62885]  INFO -- : {"success":true,"errors":{},"request_id":"fake-message-request-id","adapter":"test","channel":"sms","context":"account_reset_cancellation_notice"}
I, [2020-05-27T13:03:34.549630 #62885]  INFO -- : {"success":true,"errors":{},"request_id":"fake-message-request-id","adapter":"test","channel":"sms","context":"stop_keyword_response"}
I, [2020-05-27T13:03:48.745506 #62941]  INFO -- : {"success":true,"errors":{},"request_id":"fake-message-request-id","adapter":"test","channel":"sms","context":"personal_key_regeneration_notice"}
I, [2020-05-27T13:03:48.746448 #62941]  INFO -- : {"success":true,"errors":{},"request_id":"fake-message-request-id","adapter":"test","channel":"sms","context":"help_keyword_response"}
I, [2020-05-27T13:03:48.747347 #62941]  INFO -- : {"success":true,"errors":{},"request_id":"fake-message-request-id","adapter":"test","channel":"sms","context":"personal_key_sign_in_notice"}
I, [2020-05-27T13:03:48.748638 #62941]  INFO -- : {"success":true,"errors":{},"request_id":"fake-message-request-id","adapter":"test","channel":"sms","context":"account_reset_cancellation_notice"}
I, [2020-05-27T13:03:48.750188 #62941]  INFO -- : {"adapter":"twilio","channel":"sms","context":"join_keyword_response"}
I, [2020-05-27T13:03:48.751571 #62941]  INFO -- : {"success":true,"errors":{},"request_id":"fake-message-request-id","adapter":"test","channel":"sms","context":"stop_keyword_response"}
I, [2020-05-27T13:03:48.753511 #62941]  INFO -- : {"success":true,"errors":{},"request_id":"fake-message-request-id","adapter":"test","channel":"sms","context":"doc_auth_link"}
I, [2020-05-27T13:03:48.754669 #62941]  INFO -- : {"success":true,"errors":{},"request_id":"fake-message-request-id","adapter":"test","channel":"sms","context":"account_reset_notice"}
I, [2020-05-27T13:03:48.755624 #62941]  INFO -- : {"success":true,"errors":{},"request_id":"fake-message-request-id","adapter":"test","channel":"sms","context":"join_keyword_response"}
I, [2020-05-27T13:03:48.756783 #62941]  INFO -- : {"adapter":"pinpoint","channel":"sms","context":"join_keyword_response"}
W, [2020-05-27T13:03:48.761942 #62941]  WARN -- : {"success":false,"errors":{"telephony":"Telephony::OptOutError - Pinpoint Error: OPT_OUT - 400"},"request_id":"fake-message-request-id","delivery_status":"OPT_OUT","message_id":"fake-message-id","status_code":400,"status_message":"MessageId: fake-message-id","duration_ms":0,"failover":true,"region":"fake-pinpoint-region-sms"}
W, [2020-05-27T13:03:48.762818 #62941]  WARN -- : {"success":false,"errors":{"telephony":"Telephony::PermanentFailureError - Pinpoint Error: PERMANENT_FAILURE - 400"},"request_id":"fake-message-request-id","delivery_status":"PERMANENT_FAILURE","message_id":"fake-message-id","status_code":400,"status_message":"MessageId: fake-message-id","duration_ms":0,"failover":true,"region":"fake-pinpoint-region-sms"}
W, [2020-05-27T13:03:48.776668 #62941]  WARN -- : {"success":false,"errors":{"telephony":"Telephony::TelephonyError - Pinpoint Error:  - 400"},"request_id":"fake-message-request-id","delivery_status":"","message_id":"fake-message-id","status_code":400,"status_message":"MessageId: fake-message-id","duration_ms":0,"failover":true,"region":"fake-pinpoint-region-sms"}
W, [2020-05-27T13:03:48.777766 #62941]  WARN -- : {"success":false,"errors":{"telephony":"Telephony::TimeoutError - Pinpoint Error: TIMEOUT - 400"},"request_id":"fake-message-request-id","delivery_status":"TIMEOUT","message_id":"fake-message-id","status_code":400,"status_message":"MessageId: fake-message-id","duration_ms":0,"failover":true,"region":"fake-pinpoint-region-sms"}
W, [2020-05-27T13:03:48.778899 #62941]  WARN -- : {"success":false,"errors":{"telephony":"Telephony::TemporaryFailureError - Pinpoint Error: TEMPORARY_FAILURE - 400"},"request_id":"fake-message-request-id","delivery_status":"TEMPORARY_FAILURE","message_id":"fake-message-id","status_code":400,"status_message":"MessageId: fake-message-id","duration_ms":0,"failover":true,"region":"fake-pinpoint-region-sms"}
W, [2020-05-27T13:03:48.779971 #62941]  WARN -- : {"success":false,"errors":{"telephony":"Telephony::UnknownFailureError - Pinpoint Error: UNKNOWN_FAILURE - 400"},"request_id":"fake-message-request-id","delivery_status":"UNKNOWN_FAILURE","message_id":"fake-message-id","status_code":400,"status_message":"MessageId: fake-message-id","duration_ms":0,"failover":true,"region":"fake-pinpoint-region-sms"}
W, [2020-05-27T13:03:48.781370 #62941]  WARN -- : {"success":false,"errors":{"telephony":"Telephony::ThrottledError - Pinpoint Error: THROTTLED - 400"},"request_id":"fake-message-request-id","delivery_status":"THROTTLED","message_id":"fake-message-id","status_code":400,"status_message":"MessageId: fake-message-id","duration_ms":0,"failover":true,"region":"fake-pinpoint-region-sms"}
W, [2020-05-27T13:03:48.782909 #62941]  WARN -- : {"success":false,"errors":{"telephony":"Telephony::DuplicateEndpointError - Pinpoint Error: DUPLICATE - 400"},"request_id":"fake-message-request-id","delivery_status":"DUPLICATE","message_id":"fake-message-id","status_code":400,"status_message":"MessageId: fake-message-id","duration_ms":0,"failover":true,"region":"fake-pinpoint-region-sms"}
I, [2020-05-27T13:03:48.809261 #62941]  INFO -- : {"success":true,"errors":{},"request_id":"fake-message-request-id","adapter":"test","channel":"voice","context":"authentication"}
I, [2020-05-27T13:03:48.810125 #62941]  INFO -- : {"success":true,"errors":{},"request_id":"fake-message-request-id","adapter":"test","channel":"voice","context":"confirmation"}
I, [2020-05-27T13:03:48.811173 #62941]  INFO -- : {"success":true,"errors":{},"request_id":"fake-message-request-id","adapter":"test","channel":"sms","context":"authentication"}
I, [2020-05-27T13:03:48.812211 #62941]  INFO -- : {"success":true,"errors":{},"request_id":"fake-message-request-id","adapter":"test","channel":"sms","context":"confirmation"}
I, [2020-05-27T13:03:48.813624 #62941]  INFO -- : {"adapter":"pinpoint","channel":"sms","context":"authentication"}
I, [2020-05-27T13:03:48.814759 #62941]  INFO -- : {"adapter":"pinpoint","channel":"sms","context":"confirmation"}
I, [2020-05-27T13:03:48.816086 #62941]  INFO -- : {"adapter":"pinpoint","channel":"voice","context":"confirmation"}
I, [2020-05-27T13:03:48.818092 #62941]  INFO -- : {"adapter":"pinpoint","channel":"voice","context":"confirmation"}
I, [2020-05-27T13:03:48.820143 #62941]  INFO -- : {"adapter":"twilio","channel":"voice","context":"confirmation"}
I, [2020-05-27T13:03:48.821225 #62941]  INFO -- : {"adapter":"twilio","channel":"voice","context":"confirmation"}
I, [2020-05-27T13:03:48.822483 #62941]  INFO -- : {"adapter":"twilio","channel":"sms","context":"authentication"}
I, [2020-05-27T13:03:48.823545 #62941]  INFO -- : {"adapter":"twilio","channel":"sms","context":"confirmation"}
W, [2020-05-27T13:03:49.112349 #62941]  WARN -- : {"success":false,"errors":{"telephony":"Aws::PinpointSMSVoice::Errors::InternalServiceErrorException - This is a test message"},"message_id":null,"duration_ms":0,"failover":true,"region":"fake-pinpoint-region-voice"}
W, [2020-05-27T13:03:49.114333 #62941]  WARN -- : {"success":false,"errors":{"telephony":"Aws::PinpointSMSVoice::Errors::BadRequestException - This is a test message"},"message_id":null,"duration_ms":0,"failover":true,"region":"fake-pinpoint-region-voice"}
W, [2020-05-27T13:03:49.120343 #62941]  WARN -- : {"success":false,"errors":{"telephony":"Aws::PinpointSMSVoice::Errors::LimitExceededException - This is a test message"},"message_id":null,"duration_ms":0,"failover":true,"region":"fake-pinpoint-region-voice"}
